<?xml version="1.0" encoding="UTF-8"?>
<testsuite name="TestLexer" tests="1" skipped="0" failures="0" errors="0" timestamp="2025-02-16T18:24:02" hostname="MacBook-Air-de-Leonce.local" time="0.048">
  <properties/>
  <testcase name="test" classname="TestLexer" time="0.048"/>
  <system-out><![CDATA[<Identifier,var>
<Space, >
<Identifier,x>
<Space, >
<Identifier,int>
<Space, >
<SpecialSymbols,=>
<Space, >
<Type,2>
<SpecialSymbols,;>
]]></system-out>
  <system-err><![CDATA[]]></system-err>
</testsuite>
