<?xml version="1.0" encoding="UTF-8"?>
<testsuite name="TestLexer" tests="1" skipped="0" failures="0" errors="0" timestamp="2025-02-23T17:29:53" hostname="MacBook-Air-de-Leonce.local" time="0.03">
  <properties/>
  <testcase name="test" classname="TestLexer" time="0.03"/>
  <system-out><![CDATA[]]></system-out>
  <system-err><![CDATA[]]></system-err>
</testsuite>
